<?xml version="1.0" encoding="UTF-8" ?>
<testsuites disabled="0" errors="0" failures="0" tests="5" time="0.017">
 <testsuite name="`classNames` mapping" timestamp="2019-02-28T14:21:01" hostname="localhost" time="0.017" errors="0" tests="5" skipped="0" disabled="0" failures="0">
  <testcase classname="`classNames` mapping" name="should use the mapped value from `classNames`" time="0.012" />
  <testcase classname="`classNames` mapping" name="should guess the base class name if no `className` prop is set" time="0.001" />
  <testcase classname="`classNames` mapping" name="should not set derived class names when a `classNames` prop is present" time="0.001" />
  <testcase classname="`classNames` mapping" name="should not set the base className if there is no mapping provided for it" time="0" />
  <testcase classname="`classNames` mapping" name="should support modifier nesting to customize class names for combinations of modifiers" time="0.001" />
 </testsuite>
</testsuites>